2021-04-20 10:37:18 URL:http://ftpmaster.internal/ubuntu/dists/hirsute/InRelease [269262/269262] -> "/build/chroot/var/lib/apt/lists/partial/ftpmaster.internal_ubuntu_dists_hirsute_InRelease" [1]
gpgv: Signature made Tue Apr 20 10:10:57 2021 UTC
gpgv:                using RSA key 871920D1991BC93C
gpgv: Good signature from "Ubuntu Archive Automatic Signing Key (2018) <ftpmaster@ubuntu.com>"
2021-04-20 10:37:19 URL:http://ftpmaster.internal/ubuntu/dists/hirsute/main/binary-amd64/by-hash/SHA256/7f8ef2eb01465c5042890f833cf61755a21491604842b02ff53e48aa8d1489f0 [1393836/1393836] -> "/build/chroot/var/lib/apt/lists/partial/ftpmaster.internal_ubuntu_dists_hirsute_main_binary-amd64_Packages.xz" [1]
2021-04-20 10:37:20 URL:http://ftpmaster.internal/ubuntu/dists/hirsute/restricted/binary-amd64/by-hash/SHA256/2e2e4b44513ecd07864a34b16913cc62871445b3e9886efc9e35b322e666f625 [78000/78000] -> "/build/chroot/var/lib/apt/lists/partial/ftpmaster.internal_ubuntu_dists_hirsute_restricted_binary-amd64_Packages.xz" [1]
2021-04-20 10:37:21 URL:http://ftpmaster.internal/ubuntu/pool/main/a/adduser/adduser_3.118ubuntu5_all.deb [155528/155528] -> "/build/chroot//var/cache/apt/archives/partial/adduser_3.118ubuntu5_all.deb" [1]
2021-04-20 10:37:21 URL:http://ftpmaster.internal/ubuntu/pool/main/a/apt/apt_2.2.3_amd64.deb [1301536/1301536] -> "/build/chroot//var/cache/apt/archives/partial/apt_2.2.3_amd64.deb" [1]
2021-04-20 10:37:21 URL:http://ftpmaster.internal/ubuntu/pool/main/b/base-files/base-files_11ubuntu19_amd64.deb [60444/60444] -> "/build/chroot//var/cache/apt/archives/partial/base-files_11ubuntu19_amd64.deb" [1]
2021-04-20 10:37:21 URL:http://ftpmaster.internal/ubuntu/pool/main/b/base-passwd/base-passwd_3.5.49_amd64.deb [47496/47496] -> "/build/chroot//var/cache/apt/archives/partial/base-passwd_3.5.49_amd64.deb" [1]
2021-04-20 10:37:21 URL:http://ftpmaster.internal/ubuntu/pool/main/b/bash/bash_5.1-2ubuntu1_amd64.deb [731348/731348] -> "/build/chroot//var/cache/apt/archives/partial/bash_5.1-2ubuntu1_amd64.deb" [1]
2021-04-20 10:37:22 URL:http://ftpmaster.internal/ubuntu/pool/main/u/util-linux/bsdutils_2.36.1-7ubuntu2_amd64.deb [87748/87748] -> "/build/chroot//var/cache/apt/archives/partial/bsdutils_1%3a2.36.1-7ubuntu2_amd64.deb" [1]
2021-04-20 10:37:22 URL:http://ftpmaster.internal/ubuntu/pool/main/c/coreutils/coreutils_8.32-4ubuntu2_amd64.deb [1353100/1353100] -> "/build/chroot//var/cache/apt/archives/partial/coreutils_8.32-4ubuntu2_amd64.deb" [1]
2021-04-20 10:37:22 URL:http://ftpmaster.internal/ubuntu/pool/main/d/dash/dash_0.5.11+git20200708+dd9ef66+really0.5.11+git20200708+dd9ef66-5ubuntu1_amd64.deb [87060/87060] -> "/build/chroot//var/cache/apt/archives/partial/dash_0.5.11+git20200708+dd9ef66+really0.5.11+git20200708+dd9ef66-5ubuntu1_amd64.deb" [1]
2021-04-20 10:37:22 URL:http://ftpmaster.internal/ubuntu/pool/main/d/debconf/debconf_1.5.74_all.deb [121400/121400] -> "/build/chroot//var/cache/apt/archives/partial/debconf_1.5.74_all.deb" [1]
2021-04-20 10:37:22 URL:http://ftpmaster.internal/ubuntu/pool/main/d/debianutils/debianutils_4.11.2_amd64.deb [85596/85596] -> "/build/chroot//var/cache/apt/archives/partial/debianutils_4.11.2_amd64.deb" [1]
2021-04-20 10:37:22 URL:http://ftpmaster.internal/ubuntu/pool/main/d/diffutils/diffutils_3.7-3ubuntu1_amd64.deb [195692/195692] -> "/build/chroot//var/cache/apt/archives/partial/diffutils_1%3a3.7-3ubuntu1_amd64.deb" [1]
2021-04-20 10:37:22 URL:http://ftpmaster.internal/ubuntu/pool/main/d/dpkg/dpkg_1.20.9ubuntu1_amd64.deb [1268448/1268448] -> "/build/chroot//var/cache/apt/archives/partial/dpkg_1.20.9ubuntu1_amd64.deb" [1]
2021-04-20 10:37:22 URL:http://ftpmaster.internal/ubuntu/pool/main/e/e2fsprogs/e2fsprogs_1.45.7-1ubuntu2_amd64.deb [533068/533068] -> "/build/chroot//var/cache/apt/archives/partial/e2fsprogs_1.45.7-1ubuntu2_amd64.deb" [1]
2021-04-20 10:37:22 URL:http://ftpmaster.internal/ubuntu/pool/main/f/findutils/findutils_4.8.0-1ubuntu1_amd64.deb [331772/331772] -> "/build/chroot//var/cache/apt/archives/partial/findutils_4.8.0-1ubuntu1_amd64.deb" [1]
2021-04-20 10:37:22 URL:http://ftpmaster.internal/ubuntu/pool/main/g/gcc-11/gcc-11-base_11-20210417-1ubuntu1_amd64.deb [18620/18620] -> "/build/chroot//var/cache/apt/archives/partial/gcc-11-base_11-20210417-1ubuntu1_amd64.deb" [1]
2021-04-20 10:37:22 URL:http://ftpmaster.internal/ubuntu/pool/main/g/gnupg2/gpgv_2.2.20-1ubuntu3_amd64.deb [201560/201560] -> "/build/chroot//var/cache/apt/archives/partial/gpgv_2.2.20-1ubuntu3_amd64.deb" [1]
2021-04-20 10:37:22 URL:http://ftpmaster.internal/ubuntu/pool/main/g/grep/grep_3.6-1_amd64.deb [154748/154748] -> "/build/chroot//var/cache/apt/archives/partial/grep_3.6-1_amd64.deb" [1]
2021-04-20 10:37:22 URL:http://ftpmaster.internal/ubuntu/pool/main/g/gzip/gzip_1.10-2ubuntu3_amd64.deb [95076/95076] -> "/build/chroot//var/cache/apt/archives/partial/gzip_1.10-2ubuntu3_amd64.deb" [1]
2021-04-20 10:37:22 URL:http://ftpmaster.internal/ubuntu/pool/main/h/hostname/hostname_3.23_amd64.deb [11372/11372] -> "/build/chroot//var/cache/apt/archives/partial/hostname_3.23_amd64.deb" [1]
2021-04-20 10:37:22 URL:http://ftpmaster.internal/ubuntu/pool/main/i/init-system-helpers/init-system-helpers_1.60_all.deb [37816/37816] -> "/build/chroot//var/cache/apt/archives/partial/init-system-helpers_1.60_all.deb" [1]
2021-04-20 10:37:22 URL:http://ftpmaster.internal/ubuntu/pool/main/a/acl/libacl1_2.2.53-10ubuntu1_amd64.deb [15332/15332] -> "/build/chroot//var/cache/apt/archives/partial/libacl1_2.2.53-10ubuntu1_amd64.deb" [1]
2021-04-20 10:37:22 URL:http://ftpmaster.internal/ubuntu/pool/main/a/apt/libapt-pkg6.0_2.2.3_amd64.deb [812148/812148] -> "/build/chroot//var/cache/apt/archives/partial/libapt-pkg6.0_2.2.3_amd64.deb" [1]
2021-04-20 10:37:22 URL:http://ftpmaster.internal/ubuntu/pool/main/a/attr/libattr1_2.4.48-6build1_amd64.deb [12772/12772] -> "/build/chroot//var/cache/apt/archives/partial/libattr1_1%3a2.4.48-6build1_amd64.deb" [1]
2021-04-20 10:37:22 URL:http://ftpmaster.internal/ubuntu/pool/main/a/audit/libaudit-common_3.0-2ubuntu1_all.deb [4836/4836] -> "/build/chroot//var/cache/apt/archives/partial/libaudit-common_1%3a3.0-2ubuntu1_all.deb" [1]
2021-04-20 10:37:23 URL:http://ftpmaster.internal/ubuntu/pool/main/a/audit/libaudit1_3.0-2ubuntu1_amd64.deb [40504/40504] -> "/build/chroot//var/cache/apt/archives/partial/libaudit1_1%3a3.0-2ubuntu1_amd64.deb" [1]
2021-04-20 10:37:23 URL:http://ftpmaster.internal/ubuntu/pool/main/u/util-linux/libblkid1_2.36.1-7ubuntu2_amd64.deb [132228/132228] -> "/build/chroot//var/cache/apt/archives/partial/libblkid1_2.36.1-7ubuntu2_amd64.deb" [1]
2021-04-20 10:37:23 URL:http://ftpmaster.internal/ubuntu/pool/main/b/bzip2/libbz2-1.0_1.0.8-4ubuntu3_amd64.deb [32108/32108] -> "/build/chroot//var/cache/apt/archives/partial/libbz2-1.0_1.0.8-4ubuntu3_amd64.deb" [1]
2021-04-20 10:37:23 URL:http://ftpmaster.internal/ubuntu/pool/main/g/glibc/libc-bin_2.33-0ubuntu5_amd64.deb [646432/646432] -> "/build/chroot//var/cache/apt/archives/partial/libc-bin_2.33-0ubuntu5_amd64.deb" [1]
2021-04-20 10:37:23 URL:http://ftpmaster.internal/ubuntu/pool/main/g/glibc/libc6_2.33-0ubuntu5_amd64.deb [2690480/2690480] -> "/build/chroot//var/cache/apt/archives/partial/libc6_2.33-0ubuntu5_amd64.deb" [1]
2021-04-20 10:37:23 URL:http://ftpmaster.internal/ubuntu/pool/main/libc/libcap-ng/libcap-ng0_0.7.9-2.2build1_amd64.deb [11000/11000] -> "/build/chroot//var/cache/apt/archives/partial/libcap-ng0_0.7.9-2.2build1_amd64.deb" [1]
2021-04-20 10:37:23 URL:http://ftpmaster.internal/ubuntu/pool/main/libc/libcap2/libcap2_2.44-1build1_amd64.deb [16760/16760] -> "/build/chroot//var/cache/apt/archives/partial/libcap2_1%3a2.44-1build1_amd64.deb" [1]
2021-04-20 10:37:23 URL:http://ftpmaster.internal/ubuntu/pool/main/e/e2fsprogs/libcom-err2_1.45.7-1ubuntu2_amd64.deb [10348/10348] -> "/build/chroot//var/cache/apt/archives/partial/libcom-err2_1.45.7-1ubuntu2_amd64.deb" [1]
2021-04-20 10:37:23 URL:http://ftpmaster.internal/ubuntu/pool/main/libx/libxcrypt/libcrypt1_4.4.17-1ubuntu3_amd64.deb [75168/75168] -> "/build/chroot//var/cache/apt/archives/partial/libcrypt1_1%3a4.4.17-1ubuntu3_amd64.deb" [1]
2021-04-20 10:37:23 URL:http://ftpmaster.internal/ubuntu/pool/main/d/db5.3/libdb5.3_5.3.28+dfsg1-0.6ubuntu4_amd64.deb [675504/675504] -> "/build/chroot//var/cache/apt/archives/partial/libdb5.3_5.3.28+dfsg1-0.6ubuntu4_amd64.deb" [1]
2021-04-20 10:37:23 URL:http://ftpmaster.internal/ubuntu/pool/main/c/cdebconf/libdebconfclient0_0.256ubuntu3_amd64.deb [6100/6100] -> "/build/chroot//var/cache/apt/archives/partial/libdebconfclient0_0.256ubuntu3_amd64.deb" [1]
2021-04-20 10:37:23 URL:http://ftpmaster.internal/ubuntu/pool/main/e/e2fsprogs/libext2fs2_1.45.7-1ubuntu2_amd64.deb [185092/185092] -> "/build/chroot//var/cache/apt/archives/partial/libext2fs2_1.45.7-1ubuntu2_amd64.deb" [1]
2021-04-20 10:37:23 URL:http://ftpmaster.internal/ubuntu/pool/main/libf/libffi/libffi8ubuntu1_3.4~20200819gead65ca871-0ubuntu5_amd64.deb [20036/20036] -> "/build/chroot//var/cache/apt/archives/partial/libffi8ubuntu1_3.4~20200819gead65ca871-0ubuntu5_amd64.deb" [1]
2021-04-20 10:37:23 URL:http://ftpmaster.internal/ubuntu/pool/main/g/gcc-11/libgcc-s1_11-20210417-1ubuntu1_amd64.deb [42120/42120] -> "/build/chroot//var/cache/apt/archives/partial/libgcc-s1_11-20210417-1ubuntu1_amd64.deb" [1]
2021-04-20 10:37:23 URL:http://ftpmaster.internal/ubuntu/pool/main/libg/libgcrypt20/libgcrypt20_1.8.7-2ubuntu2_amd64.deb [424428/424428] -> "/build/chroot//var/cache/apt/archives/partial/libgcrypt20_1.8.7-2ubuntu2_amd64.deb" [1]
2021-04-20 10:37:23 URL:http://ftpmaster.internal/ubuntu/pool/main/g/gmp/libgmp10_6.2.1+dfsg-1ubuntu2_amd64.deb [236320/236320] -> "/build/chroot//var/cache/apt/archives/partial/libgmp10_2%3a6.2.1+dfsg-1ubuntu2_amd64.deb" [1]
2021-04-20 10:37:23 URL:http://ftpmaster.internal/ubuntu/pool/main/g/gnutls28/libgnutls30_3.7.1-3ubuntu1_amd64.deb [901664/901664] -> "/build/chroot//var/cache/apt/archives/partial/libgnutls30_3.7.1-3ubuntu1_amd64.deb" [1]
2021-04-20 10:37:24 URL:http://ftpmaster.internal/ubuntu/pool/main/libg/libgpg-error/libgpg-error0_1.38-2build1_amd64.deb [63688/63688] -> "/build/chroot//var/cache/apt/archives/partial/libgpg-error0_1.38-2build1_amd64.deb" [1]
2021-04-20 10:37:24 URL:http://ftpmaster.internal/ubuntu/pool/main/n/nettle/libhogweed6_3.7-2.1ubuntu1_amd64.deb [195188/195188] -> "/build/chroot//var/cache/apt/archives/partial/libhogweed6_3.7-2.1ubuntu1_amd64.deb" [1]
2021-04-20 10:37:24 URL:http://ftpmaster.internal/ubuntu/pool/main/libi/libidn2/libidn2-0_2.3.0-5_amd64.deb [52236/52236] -> "/build/chroot//var/cache/apt/archives/partial/libidn2-0_2.3.0-5_amd64.deb" [1]
2021-04-20 10:37:24 URL:http://ftpmaster.internal/ubuntu/pool/main/l/lz4/liblz4-1_1.9.3-1build1_amd64.deb [55464/55464] -> "/build/chroot//var/cache/apt/archives/partial/liblz4-1_1.9.3-1build1_amd64.deb" [1]
2021-04-20 10:37:24 URL:http://ftpmaster.internal/ubuntu/pool/main/x/xz-utils/liblzma5_5.2.5-1.0build2_amd64.deb [96620/96620] -> "/build/chroot//var/cache/apt/archives/partial/liblzma5_5.2.5-1.0build2_amd64.deb" [1]
2021-04-20 10:37:24 URL:http://ftpmaster.internal/ubuntu/pool/main/u/util-linux/libmount1_2.36.1-7ubuntu2_amd64.deb [146020/146020] -> "/build/chroot//var/cache/apt/archives/partial/libmount1_2.36.1-7ubuntu2_amd64.deb" [1]
2021-04-20 10:37:24 URL:http://ftpmaster.internal/ubuntu/pool/main/n/ncurses/libncurses6_6.2+20201114-2build1_amd64.deb [101472/101472] -> "/build/chroot//var/cache/apt/archives/partial/libncurses6_6.2+20201114-2build1_amd64.deb" [1]
2021-04-20 10:37:24 URL:http://ftpmaster.internal/ubuntu/pool/main/n/ncurses/libncursesw6_6.2+20201114-2build1_amd64.deb [131540/131540] -> "/build/chroot//var/cache/apt/archives/partial/libncursesw6_6.2+20201114-2build1_amd64.deb" [1]
2021-04-20 10:37:24 URL:http://ftpmaster.internal/ubuntu/pool/main/n/nettle/libnettle8_3.7-2.1ubuntu1_amd64.deb [146292/146292] -> "/build/chroot//var/cache/apt/archives/partial/libnettle8_3.7-2.1ubuntu1_amd64.deb" [1]
2021-04-20 10:37:24 URL:http://ftpmaster.internal/ubuntu/pool/main/p/p11-kit/libp11-kit0_0.23.22-1_amd64.deb [191492/191492] -> "/build/chroot//var/cache/apt/archives/partial/libp11-kit0_0.23.22-1_amd64.deb" [1]
2021-04-20 10:37:24 URL:http://ftpmaster.internal/ubuntu/pool/main/p/pam/libpam-modules_1.3.1-5ubuntu6_amd64.deb [249720/249720] -> "/build/chroot//var/cache/apt/archives/partial/libpam-modules_1.3.1-5ubuntu6_amd64.deb" [1]
2021-04-20 10:37:24 URL:http://ftpmaster.internal/ubuntu/pool/main/p/pam/libpam-modules-bin_1.3.1-5ubuntu6_amd64.deb [38008/38008] -> "/build/chroot//var/cache/apt/archives/partial/libpam-modules-bin_1.3.1-5ubuntu6_amd64.deb" [1]
2021-04-20 10:37:24 URL:http://ftpmaster.internal/ubuntu/pool/main/p/pam/libpam-runtime_1.3.1-5ubuntu6_all.deb [37272/37272] -> "/build/chroot//var/cache/apt/archives/partial/libpam-runtime_1.3.1-5ubuntu6_all.deb" [1]
2021-04-20 10:37:24 URL:http://ftpmaster.internal/ubuntu/pool/main/p/pam/libpam0g_1.3.1-5ubuntu6_amd64.deb [56064/56064] -> "/build/chroot//var/cache/apt/archives/partial/libpam0g_1.3.1-5ubuntu6_amd64.deb" [1]
2021-04-20 10:37:24 URL:http://ftpmaster.internal/ubuntu/pool/main/p/pcre2/libpcre2-8-0_10.36-2ubuntu5_amd64.deb [203768/203768] -> "/build/chroot//var/cache/apt/archives/partial/libpcre2-8-0_10.36-2ubuntu5_amd64.deb" [1]
2021-04-20 10:37:24 URL:http://ftpmaster.internal/ubuntu/pool/main/p/pcre3/libpcre3_8.39-13build3_amd64.deb [233972/233972] -> "/build/chroot//var/cache/apt/archives/partial/libpcre3_2%3a8.39-13build3_amd64.deb" [1]
2021-04-20 10:37:24 URL:http://ftpmaster.internal/ubuntu/pool/main/p/procps/libprocps8_3.3.16-5ubuntu3_amd64.deb [32436/32436] -> "/build/chroot//var/cache/apt/archives/partial/libprocps8_2%3a3.3.16-5ubuntu3_amd64.deb" [1]
2021-04-20 10:37:24 URL:http://ftpmaster.internal/ubuntu/pool/main/libs/libseccomp/libseccomp2_2.5.1-1ubuntu1_amd64.deb [43276/43276] -> "/build/chroot//var/cache/apt/archives/partial/libseccomp2_2.5.1-1ubuntu1_amd64.deb" [1]
2021-04-20 10:37:24 URL:http://ftpmaster.internal/ubuntu/pool/main/libs/libselinux/libselinux1_3.1-3build1_amd64.deb [69572/69572] -> "/build/chroot//var/cache/apt/archives/partial/libselinux1_3.1-3build1_amd64.deb" [1]
2021-04-20 10:37:24 URL:http://ftpmaster.internal/ubuntu/pool/main/libs/libsemanage/libsemanage-common_3.1-1ubuntu1_all.deb [9872/9872] -> "/build/chroot//var/cache/apt/archives/partial/libsemanage-common_3.1-1ubuntu1_all.deb" [1]
2021-04-20 10:37:24 URL:http://ftpmaster.internal/ubuntu/pool/main/libs/libsemanage/libsemanage1_3.1-1ubuntu1_amd64.deb [86628/86628] -> "/build/chroot//var/cache/apt/archives/partial/libsemanage1_3.1-1ubuntu1_amd64.deb" [1]
2021-04-20 10:37:24 URL:http://ftpmaster.internal/ubuntu/pool/main/libs/libsepol/libsepol1_3.1-1ubuntu1_amd64.deb [258748/258748] -> "/build/chroot//var/cache/apt/archives/partial/libsepol1_3.1-1ubuntu1_amd64.deb" [1]
2021-04-20 10:37:24 URL:http://ftpmaster.internal/ubuntu/pool/main/u/util-linux/libsmartcols1_2.36.1-7ubuntu2_amd64.deb [95328/95328] -> "/build/chroot//var/cache/apt/archives/partial/libsmartcols1_2.36.1-7ubuntu2_amd64.deb" [1]
2021-04-20 10:37:24 URL:http://ftpmaster.internal/ubuntu/pool/main/e/e2fsprogs/libss2_1.45.7-1ubuntu2_amd64.deb [11420/11420] -> "/build/chroot//var/cache/apt/archives/partial/libss2_1.45.7-1ubuntu2_amd64.deb" [1]
2021-04-20 10:37:24 URL:http://ftpmaster.internal/ubuntu/pool/main/g/gcc-11/libstdc++6_11-20210417-1ubuntu1_amd64.deb [584380/584380] -> "/build/chroot//var/cache/apt/archives/partial/libstdc++6_11-20210417-1ubuntu1_amd64.deb" [1]
2021-04-20 10:37:24 URL:http://ftpmaster.internal/ubuntu/pool/main/s/systemd/libsystemd0_247.3-3ubuntu3_amd64.deb [275868/275868] -> "/build/chroot//var/cache/apt/archives/partial/libsystemd0_247.3-3ubuntu3_amd64.deb" [1]
2021-04-20 10:37:25 URL:http://ftpmaster.internal/ubuntu/pool/main/libt/libtasn1-6/libtasn1-6_4.16.0-2_amd64.deb [38088/38088] -> "/build/chroot//var/cache/apt/archives/partial/libtasn1-6_4.16.0-2_amd64.deb" [1]
2021-04-20 10:37:25 URL:http://ftpmaster.internal/ubuntu/pool/main/n/ncurses/libtinfo6_6.2+20201114-2build1_amd64.deb [87052/87052] -> "/build/chroot//var/cache/apt/archives/partial/libtinfo6_6.2+20201114-2build1_amd64.deb" [1]
2021-04-20 10:37:25 URL:http://ftpmaster.internal/ubuntu/pool/main/s/systemd/libudev1_247.3-3ubuntu3_amd64.deb [69644/69644] -> "/build/chroot//var/cache/apt/archives/partial/libudev1_247.3-3ubuntu3_amd64.deb" [1]
2021-04-20 10:37:25 URL:http://ftpmaster.internal/ubuntu/pool/main/libu/libunistring/libunistring2_0.9.10-4_amd64.deb [368080/368080] -> "/build/chroot//var/cache/apt/archives/partial/libunistring2_0.9.10-4_amd64.deb" [1]
2021-04-20 10:37:25 URL:http://ftpmaster.internal/ubuntu/pool/main/u/util-linux/libuuid1_2.36.1-7ubuntu2_amd64.deb [22224/22224] -> "/build/chroot//var/cache/apt/archives/partial/libuuid1_2.36.1-7ubuntu2_amd64.deb" [1]
2021-04-20 10:37:25 URL:http://ftpmaster.internal/ubuntu/pool/main/x/xxhash/libxxhash0_0.8.0-2_amd64.deb [25256/25256] -> "/build/chroot//var/cache/apt/archives/partial/libxxhash0_0.8.0-2_amd64.deb" [1]
2021-04-20 10:37:25 URL:http://ftpmaster.internal/ubuntu/pool/main/libz/libzstd/libzstd1_1.4.8+dfsg-2build2_amd64.deb [292576/292576] -> "/build/chroot//var/cache/apt/archives/partial/libzstd1_1.4.8+dfsg-2build2_amd64.deb" [1]
2021-04-20 10:37:25 URL:http://ftpmaster.internal/ubuntu/pool/main/s/shadow/login_4.8.1-1ubuntu8_amd64.deb [219856/219856] -> "/build/chroot//var/cache/apt/archives/partial/login_1%3a4.8.1-1ubuntu8_amd64.deb" [1]
2021-04-20 10:37:25 URL:http://ftpmaster.internal/ubuntu/pool/main/e/e2fsprogs/logsave_1.45.7-1ubuntu2_amd64.deb [10976/10976] -> "/build/chroot//var/cache/apt/archives/partial/logsave_1.45.7-1ubuntu2_amd64.deb" [1]
2021-04-20 10:37:25 URL:http://ftpmaster.internal/ubuntu/pool/main/l/lsb/lsb-base_11.1.0ubuntu2_all.deb [12076/12076] -> "/build/chroot//var/cache/apt/archives/partial/lsb-base_11.1.0ubuntu2_all.deb" [1]
2021-04-20 10:37:25 URL:http://ftpmaster.internal/ubuntu/pool/main/m/mawk/mawk_1.3.4.20200120-2_amd64.deb [95992/95992] -> "/build/chroot//var/cache/apt/archives/partial/mawk_1.3.4.20200120-2_amd64.deb" [1]
2021-04-20 10:37:25 URL:http://ftpmaster.internal/ubuntu/pool/main/u/util-linux/mount_2.36.1-7ubuntu2_amd64.deb [121064/121064] -> "/build/chroot//var/cache/apt/archives/partial/mount_2.36.1-7ubuntu2_amd64.deb" [1]
2021-04-20 10:37:25 URL:http://ftpmaster.internal/ubuntu/pool/main/n/ncurses/ncurses-base_6.2+20201114-2build1_all.deb [18356/18356] -> "/build/chroot//var/cache/apt/archives/partial/ncurses-base_6.2+20201114-2build1_all.deb" [1]
2021-04-20 10:37:25 URL:http://ftpmaster.internal/ubuntu/pool/main/n/ncurses/ncurses-bin_6.2+20201114-2build1_amd64.deb [173196/173196] -> "/build/chroot//var/cache/apt/archives/partial/ncurses-bin_6.2+20201114-2build1_amd64.deb" [1]
2021-04-20 10:37:25 URL:http://ftpmaster.internal/ubuntu/pool/main/s/shadow/passwd_4.8.1-1ubuntu8_amd64.deb [797856/797856] -> "/build/chroot//var/cache/apt/archives/partial/passwd_1%3a4.8.1-1ubuntu8_amd64.deb" [1]
2021-04-20 10:37:25 URL:http://ftpmaster.internal/ubuntu/pool/main/p/perl/perl-base_5.32.1-3ubuntu2_amd64.deb [1592488/1592488] -> "/build/chroot//var/cache/apt/archives/partial/perl-base_5.32.1-3ubuntu2_amd64.deb" [1]
2021-04-20 10:37:25 URL:http://ftpmaster.internal/ubuntu/pool/main/p/procps/procps_3.3.16-5ubuntu3_amd64.deb [232480/232480] -> "/build/chroot//var/cache/apt/archives/partial/procps_2%3a3.3.16-5ubuntu3_amd64.deb" [1]
2021-04-20 10:37:25 URL:http://ftpmaster.internal/ubuntu/pool/main/s/sed/sed_4.7-1ubuntu1_amd64.deb [189736/189736] -> "/build/chroot//var/cache/apt/archives/partial/sed_4.7-1ubuntu1_amd64.deb" [1]
2021-04-20 10:37:26 URL:http://ftpmaster.internal/ubuntu/pool/main/s/sensible-utils/sensible-utils_0.0.14_all.deb [13464/13464] -> "/build/chroot//var/cache/apt/archives/partial/sensible-utils_0.0.14_all.deb" [1]
2021-04-20 10:37:26 URL:http://ftpmaster.internal/ubuntu/pool/main/s/sysvinit/sysvinit-utils_2.96-6ubuntu1_amd64.deb [20760/20760] -> "/build/chroot//var/cache/apt/archives/partial/sysvinit-utils_2.96-6ubuntu1_amd64.deb" [1]
2021-04-20 10:37:26 URL:http://ftpmaster.internal/ubuntu/pool/main/t/tar/tar_1.34+dfsg-1build1_amd64.deb [280768/280768] -> "/build/chroot//var/cache/apt/archives/partial/tar_1.34+dfsg-1build1_amd64.deb" [1]
2021-04-20 10:37:26 URL:http://ftpmaster.internal/ubuntu/pool/main/u/ubuntu-keyring/ubuntu-keyring_2021.03.26_all.deb [20856/20856] -> "/build/chroot//var/cache/apt/archives/partial/ubuntu-keyring_2021.03.26_all.deb" [1]
2021-04-20 10:37:26 URL:http://ftpmaster.internal/ubuntu/pool/main/u/usrmerge/usrmerge_24ubuntu3_all.deb [53408/53408] -> "/build/chroot//var/cache/apt/archives/partial/usrmerge_24ubuntu3_all.deb" [1]
2021-04-20 10:37:26 URL:http://ftpmaster.internal/ubuntu/pool/main/u/util-linux/util-linux_2.36.1-7ubuntu2_amd64.deb [1074016/1074016] -> "/build/chroot//var/cache/apt/archives/partial/util-linux_2.36.1-7ubuntu2_amd64.deb" [1]
2021-04-20 10:37:26 URL:http://ftpmaster.internal/ubuntu/pool/main/z/zlib/zlib1g_1.2.11.dfsg-2ubuntu6_amd64.deb [53976/53976] -> "/build/chroot//var/cache/apt/archives/partial/zlib1g_1%3a1.2.11.dfsg-2ubuntu6_amd64.deb" [1]
gpgv: Signature made Tue Apr 20 10:10:57 2021 UTC
gpgv:                using RSA key 871920D1991BC93C
gpgv: Good signature from "Ubuntu Archive Automatic Signing Key (2018) <ftpmaster@ubuntu.com>"
dpkg: warning: parsing file '/var/lib/dpkg/status' near line 5 package 'dpkg':
 missing 'Description' field
dpkg: warning: parsing file '/var/lib/dpkg/status' near line 5 package 'dpkg':
 missing 'Architecture' field
Selecting previously unselected package base-passwd.
(Reading database ... 0 files and directories currently installed.)
Preparing to unpack .../base-passwd_3.5.49_amd64.deb ...
Unpacking base-passwd (3.5.49) ...
dpkg: base-passwd: dependency problems, but configuring anyway as you requested:
 base-passwd depends on libc6 (>= 2.33); however:
  Package libc6 is not installed.
 base-passwd depends on libdebconfclient0 (>= 0.145); however:
  Package libdebconfclient0 is not installed.

Setting up base-passwd (3.5.49) ...
dpkg: warning: parsing file '/var/lib/dpkg/status' near line 24 package 'dpkg':
 missing 'Description' field
dpkg: warning: parsing file '/var/lib/dpkg/status' near line 24 package 'dpkg':
 missing 'Architecture' field
Selecting previously unselected package base-files.
dpkg: regarding .../base-files_11ubuntu19_amd64.deb containing base-files, pre-dependency problem:
 base-files pre-depends on awk
  awk is not installed.

dpkg: warning: ignoring pre-dependency problem!
(Reading database ... 41 files and directories currently installed.)
Preparing to unpack .../base-files_11ubuntu19_amd64.deb ...
Unpacking base-files (11ubuntu19) ...
dpkg: base-files: dependency problems, but configuring anyway as you requested:
 base-files depends on awk; however:
  Package awk is not installed.
 base-files depends on libc6 (>= 2.3.4); however:
  Package libc6 is not installed.
 base-files depends on libcrypt1 (>= 1:4.4.10-10ubuntu3); however:
  Package libcrypt1 is not installed.

Setting up base-files (11ubuntu19) ...
dpkg: warning: parsing file '/var/lib/dpkg/status' near line 59 package 'dpkg':
 missing 'Description' field
dpkg: warning: parsing file '/var/lib/dpkg/status' near line 59 package 'dpkg':
 missing 'Architecture' field
dpkg: regarding .../dpkg_1.20.9ubuntu1_amd64.deb containing dpkg, pre-dependency problem:
 dpkg pre-depends on libbz2-1.0
  libbz2-1.0 is not installed.

dpkg: warning: ignoring pre-dependency problem!
dpkg: regarding .../dpkg_1.20.9ubuntu1_amd64.deb containing dpkg, pre-dependency problem:
 dpkg pre-depends on libc6 (>= 2.33)
  libc6 is not installed.

dpkg: warning: ignoring pre-dependency problem!
dpkg: regarding .../dpkg_1.20.9ubuntu1_amd64.deb containing dpkg, pre-dependency problem:
 dpkg pre-depends on liblzma5 (>= 5.2.2)
  liblzma5 is not installed.

dpkg: warning: ignoring pre-dependency problem!
dpkg: regarding .../dpkg_1.20.9ubuntu1_amd64.deb containing dpkg, pre-dependency problem:
 dpkg pre-depends on libselinux1 (>= 3.1~)
  libselinux1 is not installed.

dpkg: warning: ignoring pre-dependency problem!
dpkg: regarding .../dpkg_1.20.9ubuntu1_amd64.deb containing dpkg, pre-dependency problem:
 dpkg pre-depends on libzstd1 (>= 1.3.2)
  libzstd1 is not installed.

dpkg: warning: ignoring pre-dependency problem!
dpkg: regarding .../dpkg_1.20.9ubuntu1_amd64.deb containing dpkg, pre-dependency problem:
 dpkg pre-depends on zlib1g (>= 1:1.1.4)
  zlib1g is not installed.

dpkg: warning: ignoring pre-dependency problem!
(Reading database ... 133 files and directories currently installed.)
Preparing to unpack .../dpkg_1.20.9ubuntu1_amd64.deb ...
Unpacking dpkg (1.20.9ubuntu1) over (1.20.9ubuntu1) ...
dpkg: dpkg: dependency problems, but configuring anyway as you requested:
 dpkg depends on libbz2-1.0; however:
  Package libbz2-1.0 is not installed.
 dpkg depends on libc6 (>= 2.33); however:
  Package libc6 is not installed.
 dpkg depends on liblzma5 (>= 5.2.2); however:
  Package liblzma5 is not installed.
 dpkg depends on libselinux1 (>= 3.1~); however:
  Package libselinux1 is not installed.
 dpkg depends on libzstd1 (>= 1.3.2); however:
  Package libzstd1 is not installed.
 dpkg depends on zlib1g (>= 1:1.1.4); however:
  Package zlib1g is not installed.
 dpkg depends on tar (>= 1.28-1); however:
  Package tar is not installed.

Setting up dpkg (1.20.9ubuntu1) ...
Selecting previously unselected package libc6:amd64.
(Reading database ... 414 files and directories currently installed.)
Preparing to unpack .../libc6_2.33-0ubuntu5_amd64.deb ...
Unpacking libc6:amd64 (2.33-0ubuntu5) ...
dpkg: libc6:amd64: dependency problems, but configuring anyway as you requested:
 libc6:amd64 depends on libgcc-s1; however:
  Package libgcc-s1 is not installed.
 libc6:amd64 depends on libcrypt1 (>= 1:4.4.10-10ubuntu4); however:
  Package libcrypt1 is not installed.

Setting up libc6:amd64 (2.33-0ubuntu5) ...
Selecting previously unselected package perl-base.
dpkg: regarding .../perl-base_5.32.1-3ubuntu2_amd64.deb containing perl-base, pre-dependency problem:
 perl-base pre-depends on libcrypt1 (>= 1:4.1.0)
  libcrypt1 is not installed.

dpkg: warning: ignoring pre-dependency problem!
(Reading database ... 723 files and directories currently installed.)
Preparing to unpack .../perl-base_5.32.1-3ubuntu2_amd64.deb ...
Unpacking perl-base (5.32.1-3ubuntu2) ...
dpkg: perl-base: dependency problems, but configuring anyway as you requested:
 perl-base depends on libcrypt1 (>= 1:4.1.0); however:
  Package libcrypt1 is not installed.

Setting up perl-base (5.32.1-3ubuntu2) ...
Selecting previously unselected package mawk.
(Reading database ... 1447 files and directories currently installed.)
Preparing to unpack .../mawk_1.3.4.20200120-2_amd64.deb ...
Unpacking mawk (1.3.4.20200120-2) ...
Setting up mawk (1.3.4.20200120-2) ...
(Reading database ... 1465 files and directories currently installed.)
Preparing to unpack .../base-files_11ubuntu19_amd64.deb ...
Unpacking base-files (11ubuntu19) over (11ubuntu19) ...
Preparing to unpack .../base-passwd_3.5.49_amd64.deb ...
Unpacking base-passwd (3.5.49) over (3.5.49) ...
Selecting previously unselected package bash.
dpkg: regarding .../bash_5.1-2ubuntu1_amd64.deb containing bash, pre-dependency problem:
 bash pre-depends on libtinfo6 (>= 6)
  libtinfo6 is not installed.

dpkg: warning: ignoring pre-dependency problem!
Preparing to unpack .../bash_5.1-2ubuntu1_amd64.deb ...
Unpacking bash (5.1-2ubuntu1) ...
Selecting previously unselected package bsdutils.
dpkg: regarding .../bsdutils_1%3a2.36.1-7ubuntu2_amd64.deb containing bsdutils, pre-dependency problem:
 bsdutils pre-depends on libsystemd0
  libsystemd0 is not installed.

dpkg: warning: ignoring pre-dependency problem!
Preparing to unpack .../bsdutils_1%3a2.36.1-7ubuntu2_amd64.deb ...
Unpacking bsdutils (1:2.36.1-7ubuntu2) ...
Selecting previously unselected package coreutils.
dpkg: regarding .../coreutils_8.32-4ubuntu2_amd64.deb containing coreutils, pre-dependency problem:
 coreutils pre-depends on libacl1 (>= 2.2.23)
  libacl1 is not installed.

dpkg: warning: ignoring pre-dependency problem!
dpkg: regarding .../coreutils_8.32-4ubuntu2_amd64.deb containing coreutils, pre-dependency problem:
 coreutils pre-depends on libattr1 (>= 1:2.4.44)
  libattr1 is not installed.

dpkg: warning: ignoring pre-dependency problem!
dpkg: regarding .../coreutils_8.32-4ubuntu2_amd64.deb containing coreutils, pre-dependency problem:
 coreutils pre-depends on libgmp10
  libgmp10 is not installed.

dpkg: warning: ignoring pre-dependency problem!
dpkg: regarding .../coreutils_8.32-4ubuntu2_amd64.deb containing coreutils, pre-dependency problem:
 coreutils pre-depends on libselinux1 (>= 3.1~)
  libselinux1 is not installed.

dpkg: warning: ignoring pre-dependency problem!
Preparing to unpack .../coreutils_8.32-4ubuntu2_amd64.deb ...
Unpacking coreutils (8.32-4ubuntu2) ...
Selecting previously unselected package dash.
Preparing to unpack .../dash_0.5.11+git20200708+dd9ef66+really0.5.11+git20200708+dd9ef66-5ubuntu1_amd64.deb ...
Unpacking dash (0.5.11+git20200708+dd9ef66+really0.5.11+git20200708+dd9ef66-5ubuntu1) ...
Selecting previously unselected package debconf.
Preparing to unpack .../debconf_1.5.74_all.deb ...
Unpacking debconf (1.5.74) ...
Selecting previously unselected package debianutils.
Preparing to unpack .../debianutils_4.11.2_amd64.deb ...
Unpacking debianutils (4.11.2) ...
Selecting previously unselected package diffutils.
Preparing to unpack .../diffutils_1%3a3.7-3ubuntu1_amd64.deb ...
Unpacking diffutils (1:3.7-3ubuntu1) ...
dpkg: regarding .../dpkg_1.20.9ubuntu1_amd64.deb containing dpkg, pre-dependency problem:
 dpkg pre-depends on libbz2-1.0
  libbz2-1.0 is not installed.

dpkg: warning: ignoring pre-dependency problem!
dpkg: regarding .../dpkg_1.20.9ubuntu1_amd64.deb containing dpkg, pre-dependency problem:
 dpkg pre-depends on liblzma5 (>= 5.2.2)
  liblzma5 is not installed.

dpkg: warning: ignoring pre-dependency problem!
dpkg: regarding .../dpkg_1.20.9ubuntu1_amd64.deb containing dpkg, pre-dependency problem:
 dpkg pre-depends on libselinux1 (>= 3.1~)
  libselinux1 is not installed.

dpkg: warning: ignoring pre-dependency problem!
dpkg: regarding .../dpkg_1.20.9ubuntu1_amd64.deb containing dpkg, pre-dependency problem:
 dpkg pre-depends on libzstd1 (>= 1.3.2)
  libzstd1 is not installed.

dpkg: warning: ignoring pre-dependency problem!
dpkg: regarding .../dpkg_1.20.9ubuntu1_amd64.deb containing dpkg, pre-dependency problem:
 dpkg pre-depends on zlib1g (>= 1:1.1.4)
  zlib1g is not installed.

dpkg: warning: ignoring pre-dependency problem!
Preparing to unpack .../dpkg_1.20.9ubuntu1_amd64.deb ...
Unpacking dpkg (1.20.9ubuntu1) over (1.20.9ubuntu1) ...
Selecting previously unselected package e2fsprogs.
dpkg: regarding .../e2fsprogs_1.45.7-1ubuntu2_amd64.deb containing e2fsprogs, pre-dependency problem:
 e2fsprogs pre-depends on libblkid1 (>= 2.17.2)
  libblkid1 is not installed.

dpkg: warning: ignoring pre-dependency problem!
dpkg: regarding .../e2fsprogs_1.45.7-1ubuntu2_amd64.deb containing e2fsprogs, pre-dependency problem:
 e2fsprogs pre-depends on libcom-err2 (>= 1.43.9)
  libcom-err2 is not installed.

dpkg: warning: ignoring pre-dependency problem!
dpkg: regarding .../e2fsprogs_1.45.7-1ubuntu2_amd64.deb containing e2fsprogs, pre-dependency problem:
 e2fsprogs pre-depends on libext2fs2 (= 1.45.7-1ubuntu2)
  libext2fs2 is not installed.

dpkg: warning: ignoring pre-dependency problem!
dpkg: regarding .../e2fsprogs_1.45.7-1ubuntu2_amd64.deb containing e2fsprogs, pre-dependency problem:
 e2fsprogs pre-depends on libss2 (>= 1.38)
  libss2 is not installed.

dpkg: warning: ignoring pre-dependency problem!
dpkg: regarding .../e2fsprogs_1.45.7-1ubuntu2_amd64.deb containing e2fsprogs, pre-dependency problem:
 e2fsprogs pre-depends on libuuid1 (>= 2.16)
  libuuid1 is not installed.

dpkg: warning: ignoring pre-dependency problem!
Preparing to unpack .../e2fsprogs_1.45.7-1ubuntu2_amd64.deb ...
Unpacking e2fsprogs (1.45.7-1ubuntu2) ...
Selecting previously unselected package findutils.
dpkg: regarding .../findutils_4.8.0-1ubuntu1_amd64.deb containing findutils, pre-dependency problem:
 findutils pre-depends on libselinux1 (>= 3.1~)
  libselinux1 is not installed.

dpkg: warning: ignoring pre-dependency problem!
Preparing to unpack .../findutils_4.8.0-1ubuntu1_amd64.deb ...
Unpacking findutils (4.8.0-1ubuntu1) ...
Selecting previously unselected package gcc-11-base:amd64.
Preparing to unpack .../gcc-11-base_11-20210417-1ubuntu1_amd64.deb ...
Unpacking gcc-11-base:amd64 (11-20210417-1ubuntu1) ...
Selecting previously unselected package grep.
dpkg: regarding .../archives/grep_3.6-1_amd64.deb containing grep, pre-dependency problem:
 grep pre-depends on libpcre3
  libpcre3 is not installed.

dpkg: warning: ignoring pre-dependency problem!
Preparing to unpack .../archives/grep_3.6-1_amd64.deb ...
Unpacking grep (3.6-1) ...
Selecting previously unselected package gzip.
Preparing to unpack .../gzip_1.10-2ubuntu3_amd64.deb ...
Unpacking gzip (1.10-2ubuntu3) ...
Selecting previously unselected package hostname.
Preparing to unpack .../hostname_3.23_amd64.deb ...
Unpacking hostname (3.23) ...
Selecting previously unselected package init-system-helpers.
Preparing to unpack .../init-system-helpers_1.60_all.deb ...
Unpacking init-system-helpers (1.60) ...
Selecting previously unselected package libacl1:amd64.
Preparing to unpack .../libacl1_2.2.53-10ubuntu1_amd64.deb ...
Unpacking libacl1:amd64 (2.2.53-10ubuntu1) ...
Selecting previously unselected package libattr1:amd64.
Preparing to unpack .../libattr1_1%3a2.4.48-6build1_amd64.deb ...
Unpacking libattr1:amd64 (1:2.4.48-6build1) ...
Selecting previously unselected package libaudit-common.
Preparing to unpack .../libaudit-common_1%3a3.0-2ubuntu1_all.deb ...
Unpacking libaudit-common (1:3.0-2ubuntu1) ...
Selecting previously unselected package libaudit1:amd64.
Preparing to unpack .../libaudit1_1%3a3.0-2ubuntu1_amd64.deb ...
Unpacking libaudit1:amd64 (1:3.0-2ubuntu1) ...
Selecting previously unselected package libblkid1:amd64.
Preparing to unpack .../libblkid1_2.36.1-7ubuntu2_amd64.deb ...
Unpacking libblkid1:amd64 (2.36.1-7ubuntu2) ...
Selecting previously unselected package libbz2-1.0:amd64.
Preparing to unpack .../libbz2-1.0_1.0.8-4ubuntu3_amd64.deb ...
Unpacking libbz2-1.0:amd64 (1.0.8-4ubuntu3) ...
Selecting previously unselected package libc-bin.
Preparing to unpack .../libc-bin_2.33-0ubuntu5_amd64.deb ...
Unpacking libc-bin (2.33-0ubuntu5) ...
Preparing to unpack .../libc6_2.33-0ubuntu5_amd64.deb ...
Unpacking libc6:amd64 (2.33-0ubuntu5) over (2.33-0ubuntu5) ...
Selecting previously unselected package libcap-ng0:amd64.
Preparing to unpack .../libcap-ng0_0.7.9-2.2build1_amd64.deb ...
Unpacking libcap-ng0:amd64 (0.7.9-2.2build1) ...
Selecting previously unselected package libcap2:amd64.
Preparing to unpack .../libcap2_1%3a2.44-1build1_amd64.deb ...
Unpacking libcap2:amd64 (1:2.44-1build1) ...
Selecting previously unselected package libcom-err2:amd64.
Preparing to unpack .../libcom-err2_1.45.7-1ubuntu2_amd64.deb ...
Unpacking libcom-err2:amd64 (1.45.7-1ubuntu2) ...
Selecting previously unselected package libcrypt1:amd64.
Preparing to unpack .../libcrypt1_1%3a4.4.17-1ubuntu3_amd64.deb ...
Unpacking libcrypt1:amd64 (1:4.4.17-1ubuntu3) ...
Selecting previously unselected package libdb5.3:amd64.
Preparing to unpack .../libdb5.3_5.3.28+dfsg1-0.6ubuntu4_amd64.deb ...
Unpacking libdb5.3:amd64 (5.3.28+dfsg1-0.6ubuntu4) ...
Selecting previously unselected package libdebconfclient0:amd64.
Preparing to unpack .../libdebconfclient0_0.256ubuntu3_amd64.deb ...
Unpacking libdebconfclient0:amd64 (0.256ubuntu3) ...
Selecting previously unselected package libext2fs2:amd64.
Preparing to unpack .../libext2fs2_1.45.7-1ubuntu2_amd64.deb ...
Unpacking libext2fs2:amd64 (1.45.7-1ubuntu2) ...
Selecting previously unselected package libgcc-s1:amd64.
Preparing to unpack .../libgcc-s1_11-20210417-1ubuntu1_amd64.deb ...
Unpacking libgcc-s1:amd64 (11-20210417-1ubuntu1) ...
Selecting previously unselected package libgcrypt20:amd64.
Preparing to unpack .../libgcrypt20_1.8.7-2ubuntu2_amd64.deb ...
Unpacking libgcrypt20:amd64 (1.8.7-2ubuntu2) ...
Selecting previously unselected package libgmp10:amd64.
Preparing to unpack .../libgmp10_2%3a6.2.1+dfsg-1ubuntu2_amd64.deb ...
Unpacking libgmp10:amd64 (2:6.2.1+dfsg-1ubuntu2) ...
Selecting previously unselected package libgpg-error0:amd64.
Preparing to unpack .../libgpg-error0_1.38-2build1_amd64.deb ...
Unpacking libgpg-error0:amd64 (1.38-2build1) ...
Selecting previously unselected package liblz4-1:amd64.
Preparing to unpack .../liblz4-1_1.9.3-1build1_amd64.deb ...
Unpacking liblz4-1:amd64 (1.9.3-1build1) ...
Selecting previously unselected package liblzma5:amd64.
Preparing to unpack .../liblzma5_5.2.5-1.0build2_amd64.deb ...
Unpacking liblzma5:amd64 (5.2.5-1.0build2) ...
Selecting previously unselected package libmount1:amd64.
Preparing to unpack .../libmount1_2.36.1-7ubuntu2_amd64.deb ...
Unpacking libmount1:amd64 (2.36.1-7ubuntu2) ...
Selecting previously unselected package libncurses6:amd64.
Preparing to unpack .../libncurses6_6.2+20201114-2build1_amd64.deb ...
Unpacking libncurses6:amd64 (6.2+20201114-2build1) ...
Selecting previously unselected package libncursesw6:amd64.
Preparing to unpack .../libncursesw6_6.2+20201114-2build1_amd64.deb ...
Unpacking libncursesw6:amd64 (6.2+20201114-2build1) ...
Selecting previously unselected package libpam-modules:amd64.
dpkg: regarding .../libpam-modules_1.3.1-5ubuntu6_amd64.deb containing libpam-modules:amd64, pre-dependency problem:
 libpam-modules pre-depends on libaudit1 (>= 1:2.2.1)
  libaudit1:amd64 is unpacked, but has never been configured.

dpkg: warning: ignoring pre-dependency problem!
dpkg: regarding .../libpam-modules_1.3.1-5ubuntu6_amd64.deb containing libpam-modules:amd64, pre-dependency problem:
 libpam-modules pre-depends on libcrypt1 (>= 1:4.1.0)
  libcrypt1:amd64 is unpacked, but has never been configured.

dpkg: warning: ignoring pre-dependency problem!
dpkg: regarding .../libpam-modules_1.3.1-5ubuntu6_amd64.deb containing libpam-modules:amd64, pre-dependency problem:
 libpam-modules pre-depends on libdb5.3
  libdb5.3:amd64 is unpacked, but has never been configured.

dpkg: warning: ignoring pre-dependency problem!
dpkg: regarding .../libpam-modules_1.3.1-5ubuntu6_amd64.deb containing libpam-modules:amd64, pre-dependency problem:
 libpam-modules pre-depends on libpam0g (>= 1.3.1)
  libpam0g is not installed.

dpkg: warning: ignoring pre-dependency problem!
dpkg: regarding .../libpam-modules_1.3.1-5ubuntu6_amd64.deb containing libpam-modules:amd64, pre-dependency problem:
 libpam-modules pre-depends on libselinux1 (>= 3.1~)
  libselinux1 is not installed.

dpkg: warning: ignoring pre-dependency problem!
dpkg: regarding .../libpam-modules_1.3.1-5ubuntu6_amd64.deb containing libpam-modules:amd64, pre-dependency problem:
 libpam-modules pre-depends on debconf (>= 0.5) | debconf-2.0
  debconf is unpacked, but has never been configured.
  debconf provides debconf-2.0 but is unpacked but not configured.

dpkg: warning: ignoring pre-dependency problem!
dpkg: regarding .../libpam-modules_1.3.1-5ubuntu6_amd64.deb containing libpam-modules:amd64, pre-dependency problem:
 libpam-modules pre-depends on libpam-modules-bin (= 1.3.1-5ubuntu6)
  libpam-modules-bin is not installed.

dpkg: warning: ignoring pre-dependency problem!
Preparing to unpack .../libpam-modules_1.3.1-5ubuntu6_amd64.deb ...
Unpacking libpam-modules:amd64 (1.3.1-5ubuntu6) ...
Selecting previously unselected package libpam-modules-bin.
Preparing to unpack .../libpam-modules-bin_1.3.1-5ubuntu6_amd64.deb ...
Unpacking libpam-modules-bin (1.3.1-5ubuntu6) ...
Selecting previously unselected package libpam-runtime.
Preparing to unpack .../libpam-runtime_1.3.1-5ubuntu6_all.deb ...
Unpacking libpam-runtime (1.3.1-5ubuntu6) ...
Selecting previously unselected package libpam0g:amd64.
Preparing to unpack .../libpam0g_1.3.1-5ubuntu6_amd64.deb ...
Unpacking libpam0g:amd64 (1.3.1-5ubuntu6) ...
Selecting previously unselected package libpcre2-8-0:amd64.
Preparing to unpack .../libpcre2-8-0_10.36-2ubuntu5_amd64.deb ...
Unpacking libpcre2-8-0:amd64 (10.36-2ubuntu5) ...
Selecting previously unselected package libpcre3:amd64.
Preparing to unpack .../libpcre3_2%3a8.39-13build3_amd64.deb ...
Unpacking libpcre3:amd64 (2:8.39-13build3) ...
Selecting previously unselected package libprocps8:amd64.
Preparing to unpack .../libprocps8_2%3a3.3.16-5ubuntu3_amd64.deb ...
Unpacking libprocps8:amd64 (2:3.3.16-5ubuntu3) ...
Selecting previously unselected package libselinux1:amd64.
Preparing to unpack .../libselinux1_3.1-3build1_amd64.deb ...
Unpacking libselinux1:amd64 (3.1-3build1) ...
Selecting previously unselected package libsemanage-common.
Preparing to unpack .../libsemanage-common_3.1-1ubuntu1_all.deb ...
Unpacking libsemanage-common (3.1-1ubuntu1) ...
Selecting previously unselected package libsemanage1:amd64.
Preparing to unpack .../libsemanage1_3.1-1ubuntu1_amd64.deb ...
Unpacking libsemanage1:amd64 (3.1-1ubuntu1) ...
Selecting previously unselected package libsepol1:amd64.
Preparing to unpack .../libsepol1_3.1-1ubuntu1_amd64.deb ...
Unpacking libsepol1:amd64 (3.1-1ubuntu1) ...
Selecting previously unselected package libsmartcols1:amd64.
Preparing to unpack .../libsmartcols1_2.36.1-7ubuntu2_amd64.deb ...
Unpacking libsmartcols1:amd64 (2.36.1-7ubuntu2) ...
Selecting previously unselected package libss2:amd64.
Preparing to unpack .../libss2_1.45.7-1ubuntu2_amd64.deb ...
Unpacking libss2:amd64 (1.45.7-1ubuntu2) ...
Selecting previously unselected package libsystemd0:amd64.
dpkg: regarding .../libsystemd0_247.3-3ubuntu3_amd64.deb containing libsystemd0:amd64, pre-dependency problem:
 libsystemd0 pre-depends on libcap2 (>= 1:2.24-9~)
  libcap2:amd64 is unpacked, but has never been configured.

dpkg: warning: ignoring pre-dependency problem!
dpkg: regarding .../libsystemd0_247.3-3ubuntu3_amd64.deb containing libsystemd0:amd64, pre-dependency problem:
 libsystemd0 pre-depends on libgcrypt20 (>= 1.8.0)
  libgcrypt20:amd64 is unpacked, but has never been configured.

dpkg: warning: ignoring pre-dependency problem!
dpkg: regarding .../libsystemd0_247.3-3ubuntu3_amd64.deb containing libsystemd0:amd64, pre-dependency problem:
 libsystemd0 pre-depends on liblz4-1 (>= 0.0~r122)
  liblz4-1:amd64 is unpacked, but has never been configured.

dpkg: warning: ignoring pre-dependency problem!
dpkg: regarding .../libsystemd0_247.3-3ubuntu3_amd64.deb containing libsystemd0:amd64, pre-dependency problem:
 libsystemd0 pre-depends on liblzma5 (>= 5.1.1alpha+20120614)
  liblzma5:amd64 is unpacked, but has never been configured.

dpkg: warning: ignoring pre-dependency problem!
dpkg: regarding .../libsystemd0_247.3-3ubuntu3_amd64.deb containing libsystemd0:amd64, pre-dependency problem:
 libsystemd0 pre-depends on libzstd1 (>= 1.4.0)
  libzstd1 is not installed.

dpkg: warning: ignoring pre-dependency problem!
Preparing to unpack .../libsystemd0_247.3-3ubuntu3_amd64.deb ...
Unpacking libsystemd0:amd64 (247.3-3ubuntu3) ...
Selecting previously unselected package libtinfo6:amd64.
Preparing to unpack .../libtinfo6_6.2+20201114-2build1_amd64.deb ...
Unpacking libtinfo6:amd64 (6.2+20201114-2build1) ...
Selecting previously unselected package libudev1:amd64.
Preparing to unpack .../libudev1_247.3-3ubuntu3_amd64.deb ...
Unpacking libudev1:amd64 (247.3-3ubuntu3) ...
Selecting previously unselected package libuuid1:amd64.
Preparing to unpack .../libuuid1_2.36.1-7ubuntu2_amd64.deb ...
Unpacking libuuid1:amd64 (2.36.1-7ubuntu2) ...
Selecting previously unselected package libzstd1:amd64.
Preparing to unpack .../libzstd1_1.4.8+dfsg-2build2_amd64.deb ...
Unpacking libzstd1:amd64 (1.4.8+dfsg-2build2) ...
Selecting previously unselected package login.
dpkg: regarding .../login_1%3a4.8.1-1ubuntu8_amd64.deb containing login, pre-dependency problem:
 login pre-depends on libaudit1 (>= 1:2.2.1)
  libaudit1:amd64 is unpacked, but has never been configured.

dpkg: warning: ignoring pre-dependency problem!
dpkg: regarding .../login_1%3a4.8.1-1ubuntu8_amd64.deb containing login, pre-dependency problem:
 login pre-depends on libcrypt1 (>= 1:4.1.0)
  libcrypt1:amd64 is unpacked, but has never been configured.

dpkg: warning: ignoring pre-dependency problem!
dpkg: regarding .../login_1%3a4.8.1-1ubuntu8_amd64.deb containing login, pre-dependency problem:
 login pre-depends on libpam0g (>= 0.99.7.1)
  libpam0g:amd64 is unpacked, but has never been configured.

dpkg: warning: ignoring pre-dependency problem!
dpkg: regarding .../login_1%3a4.8.1-1ubuntu8_amd64.deb containing login, pre-dependency problem:
 login pre-depends on libpam-runtime
  libpam-runtime is unpacked, but has never been configured.

dpkg: warning: ignoring pre-dependency problem!
dpkg: regarding .../login_1%3a4.8.1-1ubuntu8_amd64.deb containing login, pre-dependency problem:
 login pre-depends on libpam-modules (>= 1.1.8-1)
  libpam-modules:amd64 is unpacked, but has never been configured.

dpkg: warning: ignoring pre-dependency problem!
Preparing to unpack .../login_1%3a4.8.1-1ubuntu8_amd64.deb ...
Unpacking login (1:4.8.1-1ubuntu8) ...
Selecting previously unselected package logsave.
Preparing to unpack .../logsave_1.45.7-1ubuntu2_amd64.deb ...
Unpacking logsave (1.45.7-1ubuntu2) ...
Selecting previously unselected package lsb-base.
Preparing to unpack .../lsb-base_11.1.0ubuntu2_all.deb ...
Unpacking lsb-base (11.1.0ubuntu2) ...
Preparing to unpack .../mawk_1.3.4.20200120-2_amd64.deb ...
Unpacking mawk (1.3.4.20200120-2) over (1.3.4.20200120-2) ...
Selecting previously unselected package mount.
dpkg: regarding .../mount_2.36.1-7ubuntu2_amd64.deb containing mount, pre-dependency problem:
 mount pre-depends on libblkid1 (>= 2.17.2)
  libblkid1:amd64 is unpacked, but has never been configured.

dpkg: warning: ignoring pre-dependency problem!
dpkg: regarding .../mount_2.36.1-7ubuntu2_amd64.deb containing mount, pre-dependency problem:
 mount pre-depends on libmount1 (>= 2.35.1)
  libmount1:amd64 is unpacked, but has never been configured.

dpkg: warning: ignoring pre-dependency problem!
dpkg: regarding .../mount_2.36.1-7ubuntu2_amd64.deb containing mount, pre-dependency problem:
 mount pre-depends on libsmartcols1 (>= 2.33)
  libsmartcols1:amd64 is unpacked, but has never been configured.

dpkg: warning: ignoring pre-dependency problem!
Preparing to unpack .../mount_2.36.1-7ubuntu2_amd64.deb ...
Unpacking mount (2.36.1-7ubuntu2) ...
Selecting previously unselected package ncurses-base.
Preparing to unpack .../ncurses-base_6.2+20201114-2build1_all.deb ...
Unpacking ncurses-base (6.2+20201114-2build1) ...
Selecting previously unselected package ncurses-bin.
dpkg: regarding .../ncurses-bin_6.2+20201114-2build1_amd64.deb containing ncurses-bin, pre-dependency problem:
 ncurses-bin pre-depends on libtinfo6 (>= 6.2+20200912)
  libtinfo6:amd64 is unpacked, but has never been configured.

dpkg: warning: ignoring pre-dependency problem!
dpkg: regarding .../ncurses-bin_6.2+20201114-2build1_amd64.deb containing ncurses-bin, pre-dependency problem:
 ncurses-bin pre-depends on libtinfo6 (<< 6.3~)
  libtinfo6:amd64 is unpacked, but has never been configured.

dpkg: warning: ignoring pre-dependency problem!
Preparing to unpack .../ncurses-bin_6.2+20201114-2build1_amd64.deb ...
Unpacking ncurses-bin (6.2+20201114-2build1) ...
Selecting previously unselected package passwd.
Preparing to unpack .../passwd_1%3a4.8.1-1ubuntu8_amd64.deb ...
Unpacking passwd (1:4.8.1-1ubuntu8) ...
dpkg: regarding .../perl-base_5.32.1-3ubuntu2_amd64.deb containing perl-base, pre-dependency problem:
 perl-base pre-depends on libcrypt1 (>= 1:4.1.0)
  libcrypt1:amd64 is unpacked, but has never been configured.

dpkg: warning: ignoring pre-dependency problem!
Preparing to unpack .../perl-base_5.32.1-3ubuntu2_amd64.deb ...
Unpacking perl-base (5.32.1-3ubuntu2) over (5.32.1-3ubuntu2) ...
Selecting previously unselected package procps.
Preparing to unpack .../procps_2%3a3.3.16-5ubuntu3_amd64.deb ...
Unpacking procps (2:3.3.16-5ubuntu3) ...
Selecting previously unselected package sed.
dpkg: regarding .../sed_4.7-1ubuntu1_amd64.deb containing sed, pre-dependency problem:
 sed pre-depends on libacl1 (>= 2.2.23)
  libacl1:amd64 is unpacked, but has never been configured.

dpkg: warning: ignoring pre-dependency problem!
dpkg: regarding .../sed_4.7-1ubuntu1_amd64.deb containing sed, pre-dependency problem:
 sed pre-depends on libselinux1 (>= 3.1~)
  libselinux1:amd64 is unpacked, but has never been configured.

dpkg: warning: ignoring pre-dependency problem!
Preparing to unpack .../sed_4.7-1ubuntu1_amd64.deb ...
Unpacking sed (4.7-1ubuntu1) ...
Selecting previously unselected package sensible-utils.
Preparing to unpack .../sensible-utils_0.0.14_all.deb ...
Unpacking sensible-utils (0.0.14) ...
Selecting previously unselected package sysvinit-utils.
Preparing to unpack .../sysvinit-utils_2.96-6ubuntu1_amd64.deb ...
Unpacking sysvinit-utils (2.96-6ubuntu1) ...
Selecting previously unselected package tar.
dpkg: regarding .../tar_1.34+dfsg-1build1_amd64.deb containing tar, pre-dependency problem:
 tar pre-depends on libacl1 (>= 2.2.23)
  libacl1:amd64 is unpacked, but has never been configured.

dpkg: warning: ignoring pre-dependency problem!
dpkg: regarding .../tar_1.34+dfsg-1build1_amd64.deb containing tar, pre-dependency problem:
 tar pre-depends on libselinux1 (>= 3.1~)
  libselinux1:amd64 is unpacked, but has never been configured.

dpkg: warning: ignoring pre-dependency problem!
Preparing to unpack .../tar_1.34+dfsg-1build1_amd64.deb ...
Unpacking tar (1.34+dfsg-1build1) ...
Selecting previously unselected package usrmerge.
Preparing to unpack .../usrmerge_24ubuntu3_all.deb ...
Unpacking usrmerge (24ubuntu3) ...
Selecting previously unselected package util-linux.
dpkg: regarding .../util-linux_2.36.1-7ubuntu2_amd64.deb containing util-linux, pre-dependency problem:
 util-linux pre-depends on libaudit1 (>= 1:2.2.1)
  libaudit1:amd64 is unpacked, but has never been configured.

dpkg: warning: ignoring pre-dependency problem!
dpkg: regarding .../util-linux_2.36.1-7ubuntu2_amd64.deb containing util-linux, pre-dependency problem:
 util-linux pre-depends on libblkid1 (>= 2.31.1)
  libblkid1:amd64 is unpacked, but has never been configured.

dpkg: warning: ignoring pre-dependency problem!
dpkg: regarding .../util-linux_2.36.1-7ubuntu2_amd64.deb containing util-linux, pre-dependency problem:
 util-linux pre-depends on libcap-ng0 (>= 0.7.9)
  libcap-ng0:amd64 is unpacked, but has never been configured.

dpkg: warning: ignoring pre-dependency problem!
dpkg: regarding .../util-linux_2.36.1-7ubuntu2_amd64.deb containing util-linux, pre-dependency problem:
 util-linux pre-depends on libcrypt1 (>= 1:4.1.0)
  libcrypt1:amd64 is unpacked, but has never been configured.

dpkg: warning: ignoring pre-dependency problem!
dpkg: regarding .../util-linux_2.36.1-7ubuntu2_amd64.deb containing util-linux, pre-dependency problem:
 util-linux pre-depends on libmount1 (>= 2.34)
  libmount1:amd64 is unpacked, but has never been configured.

dpkg: warning: ignoring pre-dependency problem!
dpkg: regarding .../util-linux_2.36.1-7ubuntu2_amd64.deb containing util-linux, pre-dependency problem:
 util-linux pre-depends on libpam0g (>= 0.99.7.1)
  libpam0g:amd64 is unpacked, but has never been configured.

dpkg: warning: ignoring pre-dependency problem!
dpkg: regarding .../util-linux_2.36.1-7ubuntu2_amd64.deb containing util-linux, pre-dependency problem:
 util-linux pre-depends on libselinux1 (>= 3.1~)
  libselinux1:amd64 is unpacked, but has never been configured.

dpkg: warning: ignoring pre-dependency problem!
dpkg: regarding .../util-linux_2.36.1-7ubuntu2_amd64.deb containing util-linux, pre-dependency problem:
 util-linux pre-depends on libsmartcols1 (>= 2.34)
  libsmartcols1:amd64 is unpacked, but has never been configured.

dpkg: warning: ignoring pre-dependency problem!
dpkg: regarding .../util-linux_2.36.1-7ubuntu2_amd64.deb containing util-linux, pre-dependency problem:
 util-linux pre-depends on libsystemd0
  libsystemd0:amd64 is unpacked, but has never been configured.

dpkg: warning: ignoring pre-dependency problem!
dpkg: regarding .../util-linux_2.36.1-7ubuntu2_amd64.deb containing util-linux, pre-dependency problem:
 util-linux pre-depends on libtinfo6 (>= 6)
  libtinfo6:amd64 is unpacked, but has never been configured.

dpkg: warning: ignoring pre-dependency problem!
dpkg: regarding .../util-linux_2.36.1-7ubuntu2_amd64.deb containing util-linux, pre-dependency problem:
 util-linux pre-depends on libudev1 (>= 183)
  libudev1:amd64 is unpacked, but has never been configured.

dpkg: warning: ignoring pre-dependency problem!
dpkg: regarding .../util-linux_2.36.1-7ubuntu2_amd64.deb containing util-linux, pre-dependency problem:
 util-linux pre-depends on libuuid1 (>= 2.16)
  libuuid1:amd64 is unpacked, but has never been configured.

dpkg: warning: ignoring pre-dependency problem!
dpkg: regarding .../util-linux_2.36.1-7ubuntu2_amd64.deb containing util-linux, pre-dependency problem:
 util-linux pre-depends on zlib1g (>= 1:1.1.4)
  zlib1g is not installed.

dpkg: warning: ignoring pre-dependency problem!
Preparing to unpack .../util-linux_2.36.1-7ubuntu2_amd64.deb ...
Unpacking util-linux (2.36.1-7ubuntu2) ...
Selecting previously unselected package zlib1g:amd64.
Preparing to unpack .../zlib1g_1%3a1.2.11.dfsg-2ubuntu6_amd64.deb ...
Unpacking zlib1g:amd64 (1:1.2.11.dfsg-2ubuntu6) ...
Setting up gcc-11-base:amd64 (11-20210417-1ubuntu1) ...
Setting up lsb-base (11.1.0ubuntu2) ...
Setting up libaudit-common (1:3.0-2ubuntu1) ...
Setting up libsemanage-common (3.1-1ubuntu1) ...
Setting up ncurses-base (6.2+20201114-2build1) ...
Setting up sensible-utils (0.0.14) ...
Setting up libcrypt1:amd64 (1:4.4.17-1ubuntu3) ...
Setting up libgcc-s1:amd64 (11-20210417-1ubuntu1) ...
Setting up libc6:amd64 (2.33-0ubuntu5) ...
Setting up libudev1:amd64 (247.3-3ubuntu3) ...
Setting up libsepol1:amd64 (3.1-1ubuntu1) ...
Setting up libattr1:amd64 (1:2.4.48-6build1) ...
Setting up sysvinit-utils (2.96-6ubuntu1) ...
Setting up debianutils (4.11.2) ...
Setting up mawk (1.3.4.20200120-2) ...
Setting up libdebconfclient0:amd64 (0.256ubuntu3) ...
Setting up base-files (11ubuntu19) ...
Setting up libbz2-1.0:amd64 (1.0.8-4ubuntu3) ...
Setting up base-passwd (3.5.49) ...
Setting up libdb5.3:amd64 (5.3.28+dfsg1-0.6ubuntu4) ...
Setting up libblkid1:amd64 (2.36.1-7ubuntu2) ...
Setting up libtinfo6:amd64 (6.2+20201114-2build1) ...
Setting up bash (5.1-2ubuntu1) ...
update-alternatives: using /usr/share/man/man7/bash-builtins.7.gz to provide /usr/share/man/man7/builtins.7.gz (builtins.7.gz) in auto mode
Setting up libzstd1:amd64 (1.4.8+dfsg-2build2) ...
Setting up liblzma5:amd64 (5.2.5-1.0build2) ...
Setting up libgpg-error0:amd64 (1.38-2build1) ...
Setting up liblz4-1:amd64 (1.9.3-1build1) ...
Setting up libc-bin (2.33-0ubuntu5) ...
Setting up ncurses-bin (6.2+20201114-2build1) ...
Setting up libacl1:amd64 (2.2.53-10ubuntu1) ...
Setting up libsmartcols1:amd64 (2.36.1-7ubuntu2) ...
Setting up libgcrypt20:amd64 (1.8.7-2ubuntu2) ...
Setting up zlib1g:amd64 (1:1.2.11.dfsg-2ubuntu6) ...
Setting up libcom-err2:amd64 (1.45.7-1ubuntu2) ...
Setting up diffutils (1:3.7-3ubuntu1) ...
Setting up libcap2:amd64 (1:2.44-1build1) ...
Setting up hostname (3.23) ...
Setting up libpcre3:amd64 (2:8.39-13build3) ...
Setting up libcap-ng0:amd64 (0.7.9-2.2build1) ...
Setting up libext2fs2:amd64 (1.45.7-1ubuntu2) ...
Setting up libgmp10:amd64 (2:6.2.1+dfsg-1ubuntu2) ...
Setting up libncurses6:amd64 (6.2+20201114-2build1) ...
Setting up libaudit1:amd64 (1:3.0-2ubuntu1) ...
Setting up libuuid1:amd64 (2.36.1-7ubuntu2) ...
Setting up libss2:amd64 (1.45.7-1ubuntu2) ...
Setting up libpcre2-8-0:amd64 (10.36-2ubuntu5) ...
Setting up libncursesw6:amd64 (6.2+20201114-2build1) ...
Setting up logsave (1.45.7-1ubuntu2) ...
Setting up e2fsprogs (1.45.7-1ubuntu2) ...
Setting up libsystemd0:amd64 (247.3-3ubuntu3) ...
Setting up libselinux1:amd64 (3.1-3build1) ...
Setting up sed (4.7-1ubuntu1) ...
Setting up findutils (4.8.0-1ubuntu1) ...
Setting up libmount1:amd64 (2.36.1-7ubuntu2) ...
Setting up libsemanage1:amd64 (3.1-1ubuntu1) ...
Setting up libprocps8:amd64 (2:3.3.16-5ubuntu3) ...
Setting up bsdutils (1:2.36.1-7ubuntu2) ...
Setting up tar (1.34+dfsg-1build1) ...
update-alternatives: using /usr/sbin/rmt-tar to provide /usr/sbin/rmt (rmt) in auto mode
Setting up coreutils (8.32-4ubuntu2) ...
Setting up dpkg (1.20.9ubuntu1) ...
Setting up grep (3.6-1) ...
Setting up perl-base (5.32.1-3ubuntu2) ...
Setting up init-system-helpers (1.60) ...
Setting up gzip (1.10-2ubuntu3) ...
Setting up usrmerge (24ubuntu3) ...
Setting up procps (2:3.3.16-5ubuntu3) ...
update-alternatives: using /usr/bin/w.procps to provide /usr/bin/w (w) in auto mode
Setting up debconf (1.5.74) ...
Setting up libpam0g:amd64 (1.3.1-5ubuntu6) ...
Setting up dash (0.5.11+git20200708+dd9ef66+really0.5.11+git20200708+dd9ef66-5ubuntu1) ...
No diversion 'diversion of /bin/sh by bash', none removed.
Adding 'diversion of /bin/sh to /bin/sh.distrib by dash'
No diversion 'diversion of /usr/share/man/man1/sh.1.gz by bash', none removed.
Adding 'diversion of /usr/share/man/man1/sh.1.gz to /usr/share/man/man1/sh.distrib.1.gz by dash'
Setting up libpam-modules-bin (1.3.1-5ubuntu6) ...
Setting up libpam-modules:amd64 (1.3.1-5ubuntu6) ...
Setting up passwd (1:4.8.1-1ubuntu8) ...
Shadow passwords are now on.
Setting up libpam-runtime (1.3.1-5ubuntu6) ...
Setting up login (1:4.8.1-1ubuntu8) ...
Setting up util-linux (2.36.1-7ubuntu2) ...
update-alternatives: using /bin/more to provide /usr/bin/pager (pager) in auto mode
Setting up mount (2.36.1-7ubuntu2) ...
Processing triggers for libc-bin (2.33-0ubuntu5) ...
(Reading database ... 3790 files and directories currently installed.)
Preparing to unpack .../adduser_3.118ubuntu5_all.deb ...
Unpacking adduser (3.118ubuntu5) ...
Preparing to unpack .../archives/apt_2.2.3_amd64.deb ...
Unpacking apt (2.2.3) ...
Preparing to unpack .../gpgv_2.2.20-1ubuntu3_amd64.deb ...
Unpacking gpgv (2.2.20-1ubuntu3) ...
Preparing to unpack .../libapt-pkg6.0_2.2.3_amd64.deb ...
Unpacking libapt-pkg6.0:amd64 (2.2.3) ...
Preparing to unpack .../libffi8ubuntu1_3.4~20200819gead65ca871-0ubuntu5_amd64.deb ...
Unpacking libffi8ubuntu1:amd64 (3.4~20200819gead65ca871-0ubuntu5) ...
Preparing to unpack .../libgnutls30_3.7.1-3ubuntu1_amd64.deb ...
Unpacking libgnutls30:amd64 (3.7.1-3ubuntu1) ...
Preparing to unpack .../libhogweed6_3.7-2.1ubuntu1_amd64.deb ...
Unpacking libhogweed6:amd64 (3.7-2.1ubuntu1) ...
Preparing to unpack .../libidn2-0_2.3.0-5_amd64.deb ...
Unpacking libidn2-0:amd64 (2.3.0-5) ...
Preparing to unpack .../libnettle8_3.7-2.1ubuntu1_amd64.deb ...
Unpacking libnettle8:amd64 (3.7-2.1ubuntu1) ...
Preparing to unpack .../libp11-kit0_0.23.22-1_amd64.deb ...
Unpacking libp11-kit0:amd64 (0.23.22-1) ...
Preparing to unpack .../libseccomp2_2.5.1-1ubuntu1_amd64.deb ...
Unpacking libseccomp2:amd64 (2.5.1-1ubuntu1) ...
Preparing to unpack .../libstdc++6_11-20210417-1ubuntu1_amd64.deb ...
Unpacking libstdc++6:amd64 (11-20210417-1ubuntu1) ...
Preparing to unpack .../libtasn1-6_4.16.0-2_amd64.deb ...
Unpacking libtasn1-6:amd64 (4.16.0-2) ...
Preparing to unpack .../libunistring2_0.9.10-4_amd64.deb ...
Unpacking libunistring2:amd64 (0.9.10-4) ...
Preparing to unpack .../libxxhash0_0.8.0-2_amd64.deb ...
Unpacking libxxhash0:amd64 (0.8.0-2) ...
Preparing to unpack .../ubuntu-keyring_2021.03.26_all.deb ...
Unpacking ubuntu-keyring (2021.03.26) ...
Processing triggers for libc-bin (2.33-0ubuntu5) ...
Setting up adduser (3.118ubuntu5) ...
Setting up libunistring2:amd64 (0.9.10-4) ...
Setting up libffi8ubuntu1:amd64 (3.4~20200819gead65ca871-0ubuntu5) ...
Setting up libidn2-0:amd64 (2.3.0-5) ...
Setting up ubuntu-keyring (2021.03.26) ...
Setting up libseccomp2:amd64 (2.5.1-1ubuntu1) ...
Setting up libnettle8:amd64 (3.7-2.1ubuntu1) ...
Setting up libp11-kit0:amd64 (0.23.22-1) ...
Setting up gpgv (2.2.20-1ubuntu3) ...
Setting up libxxhash0:amd64 (0.8.0-2) ...
Setting up libtasn1-6:amd64 (4.16.0-2) ...
Setting up libstdc++6:amd64 (11-20210417-1ubuntu1) ...
Setting up libhogweed6:amd64 (3.7-2.1ubuntu1) ...
Setting up libgnutls30:amd64 (3.7.1-3ubuntu1) ...
Setting up libapt-pkg6.0:amd64 (2.2.3) ...
Setting up apt (2.2.3) ...
Processing triggers for libc-bin (2.33-0ubuntu5) ...
